TN:
SF:src\controllers\user.js
FN:7,Object.<anonymous>.exports.save
FNF:1
FNH:1
FNDA:1,Object.<anonymous>.exports.save
DA:1,1
DA:2,1
DA:3,1
DA:4,1
DA:5,1
DA:6,1
DA:7,1
DA:8,1
DA:9,1
DA:10,1
DA:11,1
DA:12,1
DA:13,1
DA:14,1
LF:14
LH:14
BRDA:7,0,0,1
BRF:1
BRH:1
end_of_record
TN:
SF:src\database\user.js
FNF:0
FNH:0
DA:1,1
DA:2,1
DA:3,1
DA:4,1
DA:5,1
DA:6,1
DA:7,1
DA:8,1
DA:9,1
DA:10,1
DA:11,1
DA:12,1
DA:13,1
DA:14,1
DA:15,1
DA:16,1
DA:17,1
DA:18,1
DA:19,1
DA:20,1
DA:21,1
DA:22,1
DA:23,1
LF:23
LH:23
BRF:0
BRH:0
end_of_record
TN:
SF:src\routes\user.js
FNF:0
FNH:0
DA:1,1
DA:2,1
DA:3,1
DA:4,1
DA:5,1
DA:6,1
DA:7,1
DA:8,1
DA:9,1
DA:10,1
LF:10
LH:10
BRF:0
BRH:0
end_of_record
TN:
SF:src\services\user.js
FN:5,Object.<anonymous>.exports.save
FNF:1
FNH:1
FNDA:1,Object.<anonymous>.exports.save
DA:1,1
DA:2,1
DA:3,1
DA:4,1
DA:5,1
DA:6,1
DA:7,1
DA:8,0
DA:9,1
DA:10,1
DA:11,1
DA:12,1
LF:12
LH:11
BRDA:5,0,0,1
BRDA:7,1,0,0
BRF:2
BRH:1
end_of_record
